
> web@0.1.0 dev
> next dev

⚠ Port 3000 is in use by an unknown process, using available port 3001 instead.
▲ Next.js 16.1.1 (Turbopack)
- Local:         http://localhost:3001
- Network:       http://192.168.0.2:3001

✓ Starting...
⚠ The "middleware" file convention is deprecated. Please use "proxy" instead. Learn more: https://nextjs.org/docs/messages/middleware-to-proxy
✓ Ready in 2.2s
○ Compiling /settings-test ...
 GET /settings-test 200 in 9.5s (compile: 7.2s, proxy.ts: 184ms, render: 2.2s)
✓ Compiled in 111ms
rations is allowed at a time)

thread 'tokio-runtime-worker' (4947) panicked at turbopack/crates/turbo-persistence/src/static_sorted_file.rs:387:51:
range start index 16100770 out of range for slice of length 16099630
note: run with `RUST_BACKTRACE=1` environment variable to display a backtrace

thread 'tokio-runtime-worker' (4933) panicked at turbopack/crates/turbo-persistence/src/static_sorted_file.rs:387:51:
range start index 16100770 out of range for slice of length 16099630

thread 'tokio-runtime-worker' (4933) panicked at turbopack/crates/turbo-persistence/src/static_sorted_file.rs:387:51:
range start index 16100770 out of range for slice of length 16099630

thread 'tokio-runtime-worker' (4920) panicked at turbopack/crates/turbo-persistence/src/static_sorted_file.rs:387:51:
range start index 16100850 out of range for slice of length 16099630

thread 'tokio-runtime-worker' (4920) panicked at turbopack/crates/turbo-persistence/src/static_sorted_file.rs:387:51:
range start index 16100830 out of range for slice of length 16099630

thread 'tokio-runtime-worker' (4947) panicked at turbopack/crates/turbo-persistence/src/static_sorted_file.rs:387:51:
range start index 16100806 out of range for slice of length 16099630

thread 'tokio-runtime-worker' (4920) panicked at turbopack/crates/turbo-persistence/src/static_sorted_file.rs:387:51:
range start index 16100806 out of range for slice of length 16099630

thread 'tokio-runtime-worker' (4933) panicked at turbopack/crates/turbo-persistence/src/static_sorted_file.rs:387:51:
range start index 16100806 out of range for slice of length 16099630

-----
[1m[31mFATAL[39m[0m: An unexpected Turbopack error occurred. A panic log has been written to /tmp/next-panic-63d5d6c8bc39c9861dc52770a43ad5c3.log.

To help make Turbopack better, report this error by clicking here: https://github.com/vercel/next.js/discussions/new?category=turbopack-error-report&title=Turbopack%20Error%3A%20range%20start%20index%2016100806%20out%20of%20range%20for%20slice%20of%20length%2016099630&body=Turbopack%20version%3A%20%60d1bd5b58%60%0ANext.js%20version%3A%20%600.0.0%60%0A%0AError%20message%3A%0A%60%60%60%0ATurbopack%20Error%3A%20range%20start%20index%2016100806%20out%20of%20range%20for%20slice%20of%20length%2016099630%0A%60%60%60&labels=Turbopack,Turbopack%20Panic%20Backtrace
-----


thread 'tokio-runtime-worker' (4922) panicked at turbopack/crates/turbo-persistence/src/static_sorted_file.rs:387:51:
range start index 16100770 out of range for slice of length 16099630
Error [TurbopackInternalError]: range start index 16100806 out of range for slice of length 16099630

Debug info:
- Execution of get_entrypoints_with_issues_operation failed
- Execution of EntrypointsOperation::new failed
- range start index 16100806 out of range for slice of length 16099630
    at <unknown> (TurbopackInternalError: range start index 16100806 out of range for slice of length 16099630) {
  location: 'turbopack/crates/turbo-persistence/src/static_sorted_file.rs:387:51'
}
